# JRE version: Java(TM) SE Runtime Environment (8.0_92-b14) (build 1.8.0_92-b14)
# Java VM: Java HotSpot(TM) 64-Bit Server VM (25.92-b14 mixed mode windows-amd64 compressed oops)
Heap:
 PSYoungGen      total 258048K, used 43368K [0x00000000eab00000, 0x00000000fc080000, 0x0000000100000000)
  eden space 241152K, 17% used [0x00000000eab00000,0x00000000ed55a200,0x00000000f9680000)
  from space 16896K, 0% used [0x00000000fb000000,0x00000000fb000000,0x00000000fc080000)
  to   space 21504K, 0% used [0x00000000f9680000,0x00000000f9680000,0x00000000fab80000)
 ParOldGen       total 200704K, used 19278K [0x00000000c0000000, 0x00000000cc400000, 0x00000000eab00000)
  object space 200704K, 9% used [0x00000000c0000000,0x00000000c12d38a0,0x00000000cc400000)
 Metaspace       used 37157K, capacity 37776K, committed 38144K, reserved 1081344K
  class space    used 5158K, capacity 5348K, committed 5376K, reserved 1048576K
GC Heap History (10 events):
Event: 11.630 GC heap before
{Heap before GC invocations=2 (full 0):
 PSYoungGen      total 153088K, used 28578K [0x00000000eab00000, 0x00000000f5580000, 0x0000000100000000)
  eden space 131584K, 9% used [0x00000000eab00000,0x00000000eb762a28,0x00000000f2b80000)
  from space 21504K, 73% used [0x00000000f2b80000,0x00000000f3b05e58,0x00000000f4080000)
  to   space 21504K, 0% used [0x00000000f4080000,0x00000000f4080000,0x00000000f5580000)
 ParOldGen       total 349696K, used 16K [0x00000000c0000000, 0x00000000d5580000, 0x00000000eab00000)
  object space 349696K, 0% used [0x00000000c0000000,0x00000000c0004000,0x00000000d5580000)
 Metaspace       used 20827K, capacity 21164K, committed 21296K, reserved 1067008K
  class space    used 2799K, capacity 2913K, committed 2944K, reserved 1048576K
Event: 11.636 GC heap after
Heap after GC invocations=2 (full 0):
 PSYoungGen      total 153088K, used 8284K [0x00000000eab00000, 0x00000000fd600000, 0x0000000100000000)
  eden space 131584K, 0% used [0x00000000eab00000,0x00000000eab00000,0x00000000f2b80000)
  from space 21504K, 38% used [0x00000000f4080000,0x00000000f4897250,0x00000000f5580000)
  to   space 21504K, 0% used [0x00000000f2b80000,0x00000000f2b80000,0x00000000f4080000)
 ParOldGen       total 349696K, used 24K [0x00000000c0000000, 0x00000000d5580000, 0x00000000eab00000)
  object space 349696K, 0% used [0x00000000c0000000,0x00000000c0006000,0x00000000d5580000)
 Metaspace       used 20827K, capacity 21164K, committed 21296K, reserved 1067008K
  class space    used 2799K, capacity 2913K, committed 2944K, reserved 1048576K
}
Event: 11.636 GC heap before
{Heap before GC invocations=3 (full 1):
 PSYoungGen      total 153088K, used 8284K [0x00000000eab00000, 0x00000000fd600000, 0x0000000100000000)
  eden space 131584K, 0% used [0x00000000eab00000,0x00000000eab00000,0x00000000f2b80000)
  from space 21504K, 38% used [0x00000000f4080000,0x00000000f4897250,0x00000000f5580000)
  to   space 21504K, 0% used [0x00000000f2b80000,0x00000000f2b80000,0x00000000f4080000)
 ParOldGen       total 349696K, used 24K [0x00000000c0000000, 0x00000000d5580000, 0x00000000eab00000)
  object space 349696K, 0% used [0x00000000c0000000,0x00000000c0006000,0x00000000d5580000)
 Metaspace       used 20827K, capacity 21164K, committed 21296K, reserved 1067008K
  class space    used 2799K, capacity 2913K, committed 2944K, reserved 1048576K
Event: 11.690 GC heap after
Heap after GC invocations=3 (full 1):
 PSYoungGen      total 153088K, used 0K [0x00000000eab00000, 0x00000000fd600000, 0x0000000100000000)
  eden space 131584K, 0% used [0x00000000eab00000,0x00000000eab00000,0x00000000f2b80000)
  from space 21504K, 0% used [0x00000000f4080000,0x00000000f4080000,0x00000000f5580000)
  to   space 21504K, 0% used [0x00000000f2b80000,0x00000000f2b80000,0x00000000f4080000)
 ParOldGen       total 154624K, used 7992K [0x00000000c0000000, 0x00000000c9700000, 0x00000000eab00000)
  object space 154624K, 5% used [0x00000000c0000000,0x00000000c07ce2f0,0x00000000c9700000)
 Metaspace       used 20827K, capacity 21164K, committed 21296K, reserved 1067008K
  class space    used 2799K, capacity 2913K, committed 2944K, reserved 1048576K
}
Event: 12.808 GC heap before
{Heap before GC invocations=4 (full 1):
 PSYoungGen      total 153088K, used 131584K [0x00000000eab00000, 0x00000000fd600000, 0x0000000100000000)
  eden space 131584K, 100% used [0x00000000eab00000,0x00000000f2b80000,0x00000000f2b80000)
  from space 21504K, 0% used [0x00000000f4080000,0x00000000f4080000,0x00000000f5580000)
  to   space 21504K, 0% used [0x00000000f2b80000,0x00000000f2b80000,0x00000000f4080000)
 ParOldGen       total 154624K, used 7992K [0x00000000c0000000, 0x00000000c9700000, 0x00000000eab00000)
  object space 154624K, 5% used [0x00000000c0000000,0x00000000c07ce2f0,0x00000000c9700000)
 Metaspace       used 27839K, capacity 28314K, committed 28672K, reserved 1073152K
  class space    used 3892K, capacity 4027K, committed 4096K, reserved 1048576K
Event: 12.827 GC heap after
Heap after GC invocations=4 (full 1):
 PSYoungGen      total 153088K, used 10115K [0x00000000eab00000, 0x00000000fc500000, 0x0000000100000000)
  eden space 131584K, 0% used [0x00000000eab00000,0x00000000eab00000,0x00000000f2b80000)
  from space 21504K, 47% used [0x00000000f2b80000,0x00000000f3560f90,0x00000000f4080000)
  to   space 21504K, 0% used [0x00000000fb000000,0x00000000fb000000,0x00000000fc500000)
 ParOldGen       total 154624K, used 8000K [0x00000000c0000000, 0x00000000c9700000, 0x00000000eab00000)
  object space 154624K, 5% used [0x00000000c0000000,0x00000000c07d02f0,0x00000000c9700000)
 Metaspace       used 27839K, capacity 28314K, committed 28672K, reserved 1073152K
  class space    used 3892K, capacity 4027K, committed 4096K, reserved 1048576K
}
Event: 17.057 GC heap before
{Heap before GC invocations=5 (full 1):
 PSYoungGen      total 153088K, used 124591K [0x00000000eab00000, 0x00000000fc500000, 0x0000000100000000)
  eden space 131584K, 86% used [0x00000000eab00000,0x00000000f1acaca8,0x00000000f2b80000)
  from space 21504K, 47% used [0x00000000f2b80000,0x00000000f3560f90,0x00000000f4080000)
  to   space 21504K, 0% used [0x00000000fb000000,0x00000000fb000000,0x00000000fc500000)
 ParOldGen       total 154624K, used 8000K [0x00000000c0000000, 0x00000000c9700000, 0x00000000eab00000)
  object space 154624K, 5% used [0x00000000c0000000,0x00000000c07d02f0,0x00000000c9700000)
 Metaspace       used 34618K, capacity 35152K, committed 35456K, reserved 1079296K
  class space    used 4758K, capacity 4943K, committed 4992K, reserved 1048576K
Event: 17.066 GC heap after
Heap after GC invocations=5 (full 1):
 PSYoungGen      total 258048K, used 12753K [0x00000000eab00000, 0x00000000fc080000, 0x0000000100000000)
  eden space 241152K, 0% used [0x00000000eab00000,0x00000000eab00000,0x00000000f9680000)
  from space 16896K, 75% used [0x00000000fb000000,0x00000000fbc745e8,0x00000000fc080000)
  to   space 21504K, 0% used [0x00000000f9680000,0x00000000f9680000,0x00000000fab80000)
 ParOldGen       total 154624K, used 8080K [0x00000000c0000000, 0x00000000c9700000, 0x00000000eab00000)
  object space 154624K, 5% used [0x00000000c0000000,0x00000000c07e4318,0x00000000c9700000)
 Metaspace       used 34618K, capacity 35152K, committed 35456K, reserved 1079296K
  class space    used 4758K, capacity 4943K, committed 4992K, reserved 1048576K
}
Event: 17.066 GC heap before
{Heap before GC invocations=6 (full 2):
 PSYoungGen      total 258048K, used 12753K [0x00000000eab00000, 0x00000000fc080000, 0x0000000100000000)
  eden space 241152K, 0% used [0x00000000eab00000,0x00000000eab00000,0x00000000f9680000)
  from space 16896K, 75% used [0x00000000fb000000,0x00000000fbc745e8,0x00000000fc080000)
  to   space 21504K, 0% used [0x00000000f9680000,0x00000000f9680000,0x00000000fab80000)
 ParOldGen       total 154624K, used 8080K [0x00000000c0000000, 0x00000000c9700000, 0x00000000eab00000)
  object space 154624K, 5% used [0x00000000c0000000,0x00000000c07e4318,0x00000000c9700000)
 Metaspace       used 34618K, capacity 35152K, committed 35456K, reserved 1079296K
  class space    used 4758K, capacity 4943K, committed 4992K, reserved 1048576K
Event: 17.118 GC heap after
Heap after GC invocations=6 (full 2):
 PSYoungGen      total 258048K, used 0K [0x00000000eab00000, 0x00000000fc080000, 0x0000000100000000)
  eden space 241152K, 0% used [0x00000000eab00000,0x00000000eab00000,0x00000000f9680000)
  from space 16896K, 0% used [0x00000000fb000000,0x00000000fb000000,0x00000000fc080000)
  to   space 21504K, 0% used [0x00000000f9680000,0x00000000f9680000,0x00000000fab80000)
 ParOldGen       total 200704K, used 19278K [0x00000000c0000000, 0x00000000cc400000, 0x00000000eab00000)
  object space 200704K, 9% used [0x00000000c0000000,0x00000000c12d38a0,0x00000000cc400000)
 Metaspace       used 34618K, capacity 35152K, committed 35456K, reserved 1079296K
  class space    used 4758K, capacity 4943K, committed 4992K, reserved 1048576K
}

